
    
<-<-<================================================================================>->->
    File generated by leekslazylogger v2.0.3 by eartharoid (http://leeks.js.org/logger)
    DiscordTickets | Log File
    Thursday, 29th October 2020, 21:10 pm (America/Chicago) -->
    Node: v12.18.1 on 'Windows' | Time format: 'HH:mm:ss' | Date format: 'YYYY-MM-DD'
<-<-<================================================================================>->->


[21:10:11 | INFO] Using SQLite storage
[21:10:11 | INFO] > Loaded debug event
[21:10:11 | INFO] > Loaded error event
[21:10:11 | INFO] > Loaded message event
[21:10:11 | INFO] > Loaded messageDelete event
[21:10:11 | INFO] > Loaded messageReactionAdd event
[21:10:11 | INFO] > Loaded messageUpdate event
[21:10:11 | INFO] > Loaded rateLimit event
[21:10:11 | INFO] > Loaded ready event
[21:10:11 | INFO] > Loaded warn event
[21:10:11 | INFO] > Loaded -add command
[21:10:11 | INFO] > Loaded -close command
[21:10:11 | INFO] > Loaded -delete command
[21:10:11 | INFO] > Loaded -help command
[21:10:11 | INFO] > Loaded -new command
[21:10:11 | INFO] > Loaded -panel command
[21:10:11 | INFO] > Loaded -remove command
[21:10:11 | INFO] > Loaded -stats command
[21:10:11 | INFO] > Loaded -tickets command
[21:10:11 | INFO] > Loaded -topic command
[21:10:11 | INFO] > Loaded -transcript command
[21:10:11 | INFO] Loaded 9 events and 11 commands
[21:10:11 | NOTICE] There is an update available for Discord Tickets (v2.0.1 -> v2.1.1)
[21:10:11 | INFO] Authenticated as EN Ticket Manager#3967
[21:10:11 | WARN] An error was not caught
[21:10:11 | WARN] Uncaught TypeError: Cannot read property 'member' of undefined
[21:10:11 | ERROR] TypeError: Cannot read property 'member' of undefined
    at Object.execute (C:\Users\elsol\Downloads\Ticket_Bot_Master\DiscordTickets-master\src\events\ready.js:36:44)
    at Client.<anonymous> (C:\Users\elsol\Downloads\Ticket_Bot_Master\DiscordTickets-master\src\index.js:98:68)
    at Client.emit (events.js:315:20)
    at WebSocketManager.triggerClientReady (C:\Users\elsol\Downloads\Ticket_Bot_Master\DiscordTickets-master\node_modules\discord.js\src\client\websocket\WebSocketManager.js:431:17)
    at WebSocketManager.checkShardsReady (C:\Users\elsol\Downloads\Ticket_Bot_Master\DiscordTickets-master\node_modules\discord.js\src\client\websocket\WebSocketManager.js:415:10)
    at WebSocketShard.<anonymous> (C:\Users\elsol\Downloads\Ticket_Bot_Master\DiscordTickets-master\node_modules\discord.js\src\client\websocket\WebSocketManager.js:197:14)
    at WebSocketShard.emit (events.js:315:20)
    at WebSocketShard.checkReady (C:\Users\elsol\Downloads\Ticket_Bot_Master\DiscordTickets-master\node_modules\discord.js\src\client\websocket\WebSocketShard.js:475:12)
    at WebSocketShard.onPacket (C:\Users\elsol\Downloads\Ticket_Bot_Master\DiscordTickets-master\node_modules\discord.js\src\client\websocket\WebSocketShard.js:447:16)
    at WebSocketShard.onMessage (C:\Users\elsol\Downloads\Ticket_Bot_Master\DiscordTickets-master\node_modules\discord.js\src\client\websocket\WebSocketShard.js:301:10)
[21:10:28 | WARN] An error was not caught
[21:10:28 | WARN] Uncaught TypeError: Cannot read property 'id' of undefined
[21:10:28 | ERROR] TypeError: Cannot read property 'id' of undefined
    at Object.execute (C:\Users\elsol\Downloads\Ticket_Bot_Master\DiscordTickets-master\src\events\message.js:55:34)
[21:11:44 | INFO] â„¤ğ”¼ğ”» ğ•†ğ•—ğ•—ğ•šğ•”ğ•šğ•’ğ• | ğ”¼ğ•ğ•–ğ•£ğ•˜ğ•šğ•Ÿğ•˜ â„•ğ•–ğ•¥ğ•¨ğ• ğ•£ğ•œ#6574 used the 'help' command

    
<-<-<================================================================================>->->
    File generated by leekslazylogger v2.0.3 by eartharoid (http://leeks.js.org/logger)
    DiscordTickets | Log File
    Thursday, 29th October 2020, 21:13 pm (America/Chicago) -->
    Node: v12.18.1 on 'Windows' | Time format: 'HH:mm:ss' | Date format: 'YYYY-MM-DD'
<-<-<================================================================================>->->


[21:13:32 | INFO] Using SQLite storage
[21:13:32 | INFO] > Loaded debug event
[21:13:32 | INFO] > Loaded error event
[21:13:32 | INFO] > Loaded message event
[21:13:32 | INFO] > Loaded messageDelete event
[21:13:32 | INFO] > Loaded messageReactionAdd event
[21:13:32 | INFO] > Loaded messageUpdate event
[21:13:32 | INFO] > Loaded rateLimit event
[21:13:32 | INFO] > Loaded ready event
[21:13:32 | INFO] > Loaded warn event
[21:13:32 | INFO] > Loaded -add command
[21:13:32 | INFO] > Loaded -close command
[21:13:32 | INFO] > Loaded -delete command
[21:13:32 | INFO] > Loaded -help command
[21:13:32 | INFO] > Loaded -new command
[21:13:32 | INFO] > Loaded -panel command
[21:13:32 | INFO] > Loaded -remove command
[21:13:32 | INFO] > Loaded -stats command
[21:13:32 | INFO] > Loaded -tickets command
[21:13:32 | INFO] > Loaded -topic command
[21:13:32 | INFO] > Loaded -transcript command
[21:13:32 | INFO] Loaded 9 events and 11 commands
[21:13:32 | NOTICE] There is an update available for Discord Tickets (v2.0.1 -> v2.1.1)
[21:13:33 | INFO] Authenticated as EN Ticket Manager#3967
[21:13:33 | INFO] 'ADMINISTRATOR' permission has been granted
[21:13:38 | INFO] â„¤ğ”¼ğ”» ğ•†ğ•—ğ•—ğ•šğ•”ğ•šğ•’ğ• | ğ”¼ğ•ğ•–ğ•£ğ•˜ğ•šğ•Ÿğ•˜ â„•ğ•–ğ•¥ğ•¨ğ• ğ•£ğ•œ#6574 used the 'help' command
[21:13:42 | INFO] â„¤ğ”¼ğ”» ğ•†ğ•—ğ•—ğ•šğ•”ğ•šğ•’ğ• | ğ”¼ğ•ğ•–ğ•£ğ•˜ğ•šğ•Ÿğ•˜ â„•ğ•–ğ•¥ğ•¨ğ• ğ•£ğ•œ#6574 used the 'new' command
[21:14:20 | INFO] â„¤ğ”¼ğ”» ğ•†ğ•—ğ•—ğ•šğ•”ğ•šğ•’ğ• | ğ”¼ğ•ğ•–ğ•£ğ•˜ğ•šğ•Ÿğ•˜ â„•ğ•–ğ•¥ğ•¨ğ• ğ•£ğ•œ#6574 used the 'new' command
[21:14:41 | INFO] â„¤ğ”¼ğ”» ğ•†ğ•—ğ•—ğ•šğ•”ğ•šğ•’ğ• | ğ”¼ğ•ğ•–ğ•£ğ•˜ğ•šğ•Ÿğ•˜ â„•ğ•–ğ•¥ğ•¨ğ• ğ•£ğ•œ#6574 used the 'new' command

    
<-<-<================================================================================>->->
    File generated by leekslazylogger v2.0.3 by eartharoid (http://leeks.js.org/logger)
    DiscordTickets | Log File
    Thursday, 29th October 2020, 21:15 pm (America/Chicago) -->
    Node: v12.18.1 on 'Windows' | Time format: 'HH:mm:ss' | Date format: 'YYYY-MM-DD'
<-<-<================================================================================>->->


[21:15:29 | INFO] Using SQLite storage
[21:15:29 | INFO] > Loaded debug event
[21:15:29 | INFO] > Loaded error event
[21:15:29 | INFO] > Loaded message event
[21:15:29 | INFO] > Loaded messageDelete event
[21:15:29 | INFO] > Loaded messageReactionAdd event
[21:15:29 | INFO] > Loaded messageUpdate event
[21:15:29 | INFO] > Loaded rateLimit event
[21:15:29 | INFO] > Loaded ready event
[21:15:29 | INFO] > Loaded warn event
[21:15:29 | INFO] > Loaded -add command
[21:15:29 | INFO] > Loaded -close command
[21:15:29 | INFO] > Loaded -delete command
[21:15:29 | INFO] > Loaded -help command
[21:15:29 | INFO] > Loaded -new command
[21:15:29 | INFO] > Loaded -panel command
[21:15:29 | INFO] > Loaded -remove command
[21:15:29 | INFO] > Loaded -stats command
[21:15:29 | INFO] > Loaded -tickets command
[21:15:29 | INFO] > Loaded -topic command
[21:15:29 | INFO] > Loaded -transcript command
[21:15:29 | INFO] Loaded 9 events and 11 commands
[21:15:29 | NOTICE] There is an update available for Discord Tickets (v2.0.1 -> v2.1.1)
[21:15:30 | INFO] Authenticated as EN Ticket Manager#3967
[21:15:30 | INFO] 'ADMINISTRATOR' permission has been granted
[21:15:37 | INFO] â„¤ğ”¼ğ”» ğ•†ğ•—ğ•—ğ•šğ•”ğ•šğ•’ğ• | ğ”¼ğ•ğ•–ğ•£ğ•˜ğ•šğ•Ÿğ•˜ â„•ğ•–ğ•¥ğ•¨ğ• ğ•£ğ•œ#6574 used the 'new' command
[21:15:40 | INFO] â„¤ğ”¼ğ”» ğ•†ğ•—ğ•—ğ•šğ•”ğ•šğ•’ğ• | ğ”¼ğ•ğ•–ğ•£ğ•˜ğ•šğ•Ÿğ•˜ â„•ğ•–ğ•¥ğ•¨ğ• ğ•£ğ•œ#6574 created a new ticket (#ticket-1)
[21:16:11 | INFO] â„¤ğ”¼ğ”» ğ•†ğ•—ğ•—ğ•šğ•”ğ•šğ•’ğ• | ğ”¼ğ•ğ•–ğ•£ğ•˜ğ•šğ•Ÿğ•˜ â„•ğ•–ğ•¥ğ•¨ğ• ğ•£ğ•œ#6574 used the 'delete' command
[21:16:13 | INFO] â„¤ğ”¼ğ”» ğ•†ğ•—ğ•—ğ•šğ•”ğ•šğ•’ğ• | ğ”¼ğ•ğ•–ğ•£ğ•˜ğ•šğ•Ÿğ•˜ â„•ğ•–ğ•¥ğ•¨ğ• ğ•£ğ•œ#6574 deleted a ticket (#ticket-1)
[21:16:32 | INFO] â„¤ğ”¼ğ”» ğ•†ğ•—ğ•—ğ•šğ•”ğ•šğ•’ğ• | ğ”¼ğ•ğ•–ğ•£ğ•˜ğ•šğ•Ÿğ•˜ â„•ğ•–ğ•¥ğ•¨ğ• ğ•£ğ•œ#6574 used the 'new' command
[21:16:34 | INFO] â„¤ğ”¼ğ”» ğ•†ğ•—ğ•—ğ•šğ•”ğ•šğ•’ğ• | ğ”¼ğ•ğ•–ğ•£ğ•˜ğ•šğ•Ÿğ•˜ â„•ğ•–ğ•¥ğ•¨ğ• ğ•£ğ•œ#6574 created a new ticket (#ticket-2)
[21:17:13 | INFO] â„¤ğ”¼ğ”» ğ•†ğ•—ğ•—ğ•šğ•”ğ•šğ•’ğ• | ğ”¼ğ•ğ•–ğ•£ğ•˜ğ•šğ•Ÿğ•˜ â„•ğ•–ğ•¥ğ•¨ğ• ğ•£ğ•œ#6574 used the 'help' command
[21:17:32 | INFO] â„¤ğ”¼ğ”» ğ•†ğ•—ğ•—ğ•šğ•”ğ•šğ•’ğ• | ğ”¼ğ•ğ•–ğ•£ğ•˜ğ•šğ•Ÿğ•˜ â„•ğ•–ğ•¥ğ•¨ğ• ğ•£ğ•œ#6574 used the 'delete' command
[21:17:35 | INFO] â„¤ğ”¼ğ”» ğ•†ğ•—ğ•—ğ•šğ•”ğ•šğ•’ğ• | ğ”¼ğ•ğ•–ğ•£ğ•˜ğ•šğ•Ÿğ•˜ â„•ğ•–ğ•¥ğ•¨ğ• ğ•£ğ•œ#6574 deleted a ticket (#ticket-2)
[21:20:06 | INFO] â„¤ğ”¼ğ”» ğ•†ğ•—ğ•—ğ•šğ•”ğ•šğ•’ğ• | ğ”¼ğ•ğ•–ğ•£ğ•˜ğ•šğ•Ÿğ•˜ â„•ğ•–ğ•¥ğ•¨ğ• ğ•£ğ•œ#6574 used the 'panel' command
[21:20:06 | INFO] â„¤ğ”¼ğ”» ğ•†ğ•—ğ•—ğ•šğ•”ğ•šğ•’ğ• | ğ”¼ğ•ğ•–ğ•£ğ•˜ğ•šğ•Ÿğ•˜ â„•ğ•–ğ•¥ğ•¨ğ• ğ•£ğ•œ#6574 created a panel widget
[21:22:32 | INFO] â„¤ğ”¼ğ”» ğ•†ğ•—ğ•—ğ•šğ•”ğ•šğ•’ğ• | ğ”¼ğ•ğ•–ğ•£ğ•˜ğ•šğ•Ÿğ•˜ â„•ğ•–ğ•¥ğ•¨ğ• ğ•£ğ•œ#6574 used the 'help' command
