
    
<-<-<================================================================================>->->
    File generated by leekslazylogger v2.0.3 by eartharoid (http://leeks.js.org/logger)
    DiscordTickets | Log File
    Friday, 30th October 2020, 08:38 am (America/Chicago) -->
    Node: v12.18.1 on 'Windows' | Time format: 'HH:mm:ss' | Date format: 'YYYY-MM-DD'
<-<-<================================================================================>->->


[08:38:16 | INFO] Using SQLite storage
[08:38:16 | INFO] > Loaded debug event
[08:38:16 | INFO] > Loaded error event
[08:38:16 | INFO] > Loaded message event
[08:38:16 | INFO] > Loaded messageDelete event
[08:38:16 | INFO] > Loaded messageReactionAdd event
[08:38:16 | INFO] > Loaded messageUpdate event
[08:38:16 | INFO] > Loaded rateLimit event
[08:38:16 | INFO] > Loaded ready event
[08:38:16 | INFO] > Loaded warn event
[08:38:16 | INFO] > Loaded -add command
[08:38:16 | INFO] > Loaded -close command
[08:38:16 | INFO] > Loaded -delete command
[08:38:16 | INFO] > Loaded -help command
[08:38:16 | INFO] > Loaded -new command
[08:38:16 | INFO] > Loaded -panel command
[08:38:16 | INFO] > Loaded -remove command
[08:38:16 | INFO] > Loaded -stats command
[08:38:16 | INFO] > Loaded -tickets command
[08:38:16 | INFO] > Loaded -topic command
[08:38:16 | INFO] > Loaded -transcript command
[08:38:16 | INFO] Loaded 9 events and 11 commands
[08:38:17 | NOTICE] There is an update available for Discord Tickets (v2.0.1 -> v2.1.1)
[08:38:17 | INFO] Authenticated as EN Ticket Manager#3967
[08:38:17 | INFO] 'ADMINISTRATOR' permission has been granted
