
    
<-<-<================================================================================>->->
    File generated by leekslazylogger v2.0.3 by eartharoid (http://leeks.js.org/logger)
    DiscordTickets | Log File
    Monday, 2nd November 2020, 09:00 am (America/Chicago) -->
    Node: v12.18.1 on 'Windows' | Time format: 'HH:mm:ss' | Date format: 'YYYY-MM-DD'
<-<-<================================================================================>->->


[09:00:55 | INFO] Using SQLite storage
[09:00:58 | INFO] > Loaded debug event
[09:00:58 | INFO] > Loaded error event
[09:00:59 | INFO] > Loaded message event
[09:00:59 | INFO] > Loaded messageDelete event
[09:00:59 | INFO] > Loaded messageReactionAdd event
[09:00:59 | INFO] > Loaded messageUpdate event
[09:00:59 | INFO] > Loaded rateLimit event
[09:00:59 | INFO] > Loaded ready event
[09:00:59 | INFO] > Loaded warn event
[09:00:59 | INFO] > Loaded -add command
[09:00:59 | INFO] > Loaded -close command
[09:00:59 | INFO] > Loaded -delete command
[09:00:59 | INFO] > Loaded -help command
[09:00:59 | INFO] > Loaded -new command
[09:00:59 | INFO] > Loaded -panel command
[09:00:59 | INFO] > Loaded -remove command
[09:00:59 | INFO] > Loaded -stats command
[09:00:59 | INFO] > Loaded -tickets command
[09:00:59 | INFO] > Loaded -topic command
[09:00:59 | INFO] > Loaded -transcript command
[09:00:59 | INFO] Loaded 9 events and 11 commands
[09:00:59 | NOTICE] There is an update available for Discord Tickets (v2.0.1 -> v2.1.1)
[09:01:00 | INFO] Authenticated as EN Ticket Manager#3967
[09:01:00 | INFO] 'ADMINISTRATOR' permission has been granted
